<?xml version="1.0" encoding="UTF-8"?>
<testsuite name="com.axel.gatewaypoc.GatewayPocApplicationTests" tests="1" skipped="0" failures="0" errors="0" timestamp="2021-06-29T17:50:41" hostname="CTNLDELLGFZVJB3" time="0.277">
  <properties/>
  <testcase name="contextLoads()" classname="com.axel.gatewaypoc.GatewayPocApplicationTests" time="0.277"/>
  <system-out><![CDATA[14:50:38.951 [Test worker] DEBUG org.springframework.test.context.BootstrapUtils - Instantiating CacheAwareContextLoaderDelegate from class [org.springframework.test.context.cache.DefaultCacheAwareContextLoaderDelegate]
14:50:38.961 [Test worker] DEBUG org.springframework.test.context.BootstrapUtils - Instantiating BootstrapContext using constructor [public org.springframework.test.context.support.DefaultBootstrapContext(java.lang.Class,org.springframework.test.context.CacheAwareContextLoaderDelegate)]
14:50:38.992 [Test worker] DEBUG org.springframework.test.context.BootstrapUtils - Instantiating TestContextBootstrapper for test class [com.axel.gatewaypoc.GatewayPocApplicationTests] from class [org.springframework.boot.test.context.SpringBootTestContextBootstrapper]
14:50:39.003 [Test worker] INFO org.springframework.boot.test.context.SpringBootTestContextBootstrapper - Neither @ContextConfiguration nor @ContextHierarchy found for test class [com.axel.gatewaypoc.GatewayPocApplicationTests], using SpringBootContextLoader
14:50:39.008 [Test worker] DEBUG org.springframework.test.context.support.AbstractContextLoader - Did not detect default resource location for test class [com.axel.gatewaypoc.GatewayPocApplicationTests]: class path resource [com/axel/gatewaypoc/GatewayPocApplicationTests-context.xml] does not exist
14:50:39.009 [Test worker] DEBUG org.springframework.test.context.support.AbstractContextLoader - Did not detect default resource location for test class [com.axel.gatewaypoc.GatewayPocApplicationTests]: class path resource [com/axel/gatewaypoc/GatewayPocApplicationTestsContext.groovy] does not exist
14:50:39.009 [Test worker] INFO org.springframework.test.context.support.AbstractContextLoader - Could not detect default resource locations for test class [com.axel.gatewaypoc.GatewayPocApplicationTests]: no resource found for suffixes {-context.xml, Context.groovy}.
14:50:39.010 [Test worker] INFO org.springframework.test.context.support.AnnotationConfigContextLoaderUtils - Could not detect default configuration classes for test class [com.axel.gatewaypoc.GatewayPocApplicationTests]: GatewayPocApplicationTests does not declare any static, non-private, non-final, nested classes annotated with @Configuration.
14:50:39.040 [Test worker] DEBUG org.springframework.test.context.support.ActiveProfilesUtils - Could not find an 'annotation declaring class' for annotation type [org.springframework.test.context.ActiveProfiles] and class [com.axel.gatewaypoc.GatewayPocApplicationTests]
14:50:39.090 [Test worker] DEBUG org.springframework.context.annotation.ClassPathScanningCandidateComponentProvider - Identified candidate component class: file [/home/axel.aviloff/Git/gateway-poc/build/classes/java/main/com/axel/gatewaypoc/GatewayPocApplication.class]
14:50:39.092 [Test worker] INFO org.springframework.boot.test.context.SpringBootTestContextBootstrapper - Found @SpringBootConfiguration com.axel.gatewaypoc.GatewayPocApplication for test class com.axel.gatewaypoc.GatewayPocApplicationTests
14:50:39.184 [Test worker] DEBUG org.springframework.boot.test.context.SpringBootTestContextBootstrapper - @TestExecutionListeners is not present for class [com.axel.gatewaypoc.GatewayPocApplicationTests]: using defaults.
14:50:39.184 [Test worker] INFO org.springframework.boot.test.context.SpringBootTestContextBootstrapper - Loaded default TestExecutionListener class names from location [META-INF/spring.factories]: [org.springframework.boot.test.autoconfigure.restdocs.RestDocsTestExecutionListener, org.springframework.boot.test.autoconfigure.web.client.MockRestServiceServerResetTestExecutionListener, org.springframework.boot.test.autoconfigure.web.servlet.MockMvcPrintOnlyOnFailureTestExecutionListener, org.springframework.boot.test.autoconfigure.web.servlet.WebDriverTestExecutionListener, org.springframework.boot.test.autoconfigure.webservices.client.MockWebServiceServerTestExecutionListener, org.springframework.boot.test.mock.mockito.MockitoTestExecutionListener, org.springframework.boot.test.mock.mockito.ResetMocksTestExecutionListener, org.springframework.test.context.web.ServletTestExecutionListener, org.springframework.test.context.support.DirtiesContextBeforeModesTestExecutionListener, org.springframework.test.context.event.ApplicationEventsTestExecutionListener, org.springframework.test.context.support.DependencyInjectionTestExecutionListener, org.springframework.test.context.support.DirtiesContextTestExecutionListener, org.springframework.test.context.transaction.TransactionalTestExecutionListener, org.springframework.test.context.jdbc.SqlScriptsTestExecutionListener, org.springframework.test.context.event.EventPublishingTestExecutionListener]
14:50:39.195 [Test worker] DEBUG org.springframework.boot.test.context.SpringBootTestContextBootstrapper - Skipping candidate TestExecutionListener [org.springframework.test.context.transaction.TransactionalTestExecutionListener] due to a missing dependency. Specify custom listener classes or make the default listener classes and their required dependencies available. Offending class: [org/springframework/transaction/interceptor/TransactionAttributeSource]
14:50:39.196 [Test worker] DEBUG org.springframework.boot.test.context.SpringBootTestContextBootstrapper - Skipping candidate TestExecutionListener [org.springframework.test.context.jdbc.SqlScriptsTestExecutionListener] due to a missing dependency. Specify custom listener classes or make the default listener classes and their required dependencies available. Offending class: [org/springframework/transaction/interceptor/TransactionAttribute]
14:50:39.197 [Test worker] INFO org.springframework.boot.test.context.SpringBootTestContextBootstrapper - Using TestExecutionListeners: [org.springframework.test.context.web.ServletTestExecutionListener@17b7f334, org.springframework.test.context.support.DirtiesContextBeforeModesTestExecutionListener@4aab717c, org.springframework.test.context.event.ApplicationEventsTestExecutionListener@321ed767, org.springframework.boot.test.mock.mockito.MockitoTestExecutionListener@4a659795, org.springframework.boot.test.autoconfigure.SpringBootDependencyInjectionTestExecutionListener@62e3f3be, org.springframework.test.context.support.DirtiesContextTestExecutionListener@73d24e0f, org.springframework.test.context.event.EventPublishingTestExecutionListener@37330afd, org.springframework.boot.test.autoconfigure.restdocs.RestDocsTestExecutionListener@510ceab1, org.springframework.boot.test.autoconfigure.web.client.MockRestServiceServerResetTestExecutionListener@2c0f8d2d, org.springframework.boot.test.autoconfigure.web.servlet.MockMvcPrintOnlyOnFailureTestExecutionListener@4d4c0c95, org.springframework.boot.test.autoconfigure.web.servlet.WebDriverTestExecutionListener@62878323, org.springframework.boot.test.autoconfigure.webservices.client.MockWebServiceServerTestExecutionListener@5468a4a0, org.springframework.boot.test.mock.mockito.ResetMocksTestExecutionListener@4de2de5]
14:50:39.201 [Test worker] DEBUG org.springframework.test.context.support.AbstractDirtiesContextTestExecutionListener - Before test class: context [DefaultTestContext@75faaeae testClass = GatewayPocApplicationTests, testInstance = [null], testMethod = [null], testException = [null], mergedContextConfiguration = [WebMergedContextConfiguration@6077e77b testClass = GatewayPocApplicationTests, locations = '{}', classes = '{class com.axel.gatewaypoc.GatewayPocApplication}', contextInitializerClasses = '[]', activeProfiles = '{}', propertySourceLocations = '{}', propertySourceProperties = '{org.springframework.boot.test.context.SpringBootTestContextBootstrapper=true}', contextCustomizers = set[org.springframework.boot.test.autoconfigure.actuate.metrics.MetricsExportContextCustomizerFactory$DisableMetricExportContextCustomizer@78be62b5, org.springframework.boot.test.autoconfigure.properties.PropertyMappingContextCustomizer@0, org.springframework.boot.test.autoconfigure.web.servlet.WebDriverContextCustomizerFactory$Customizer@6b213e6f, org.springframework.boot.test.context.filter.ExcludeFilterContextCustomizer@113fbbfa, org.springframework.boot.test.json.DuplicateJsonObjectContextCustomizerFactory$DuplicateJsonObjectContextCustomizer@4c8ae7b, org.springframework.boot.test.mock.mockito.MockitoContextCustomizer@0, org.springframework.boot.test.web.client.TestRestTemplateContextCustomizer@27da3fc, org.springframework.boot.test.context.SpringBootTestArgs@1, org.springframework.boot.test.context.SpringBootTestWebEnvironment@1931395a], resourceBasePath = 'src/main/webapp', contextLoader = 'org.springframework.boot.test.context.SpringBootContextLoader', parent = [null]], attributes = map['org.springframework.test.context.web.ServletTestExecutionListener.activateListener' -> true]], class annotated with @DirtiesContext [false] with mode [null].
14:50:39.223 [Test worker] DEBUG org.springframework.test.context.support.TestPropertySourceUtils - Adding inlined properties to environment: {spring.jmx.enabled=false, org.springframework.boot.test.context.SpringBootTestContextBootstrapper=true}

  .   ____          _            __ _ _
 /\\ / ___'_ __ _ _(_)_ __  __ _ \ \ \ \
( ( )\___ | '_ | '_| | '_ \/ _` | \ \ \ \
 \\/  ___)| |_)| | | | | || (_| |  ) ) ) )
  '  |____| .__|_| |_|_| |_\__, | / / / /
 =========|_|==============|___/=/_/_/_/
 :: Spring Boot ::                (v2.5.2)

2021-06-29 14:50:39.547  INFO 11138 --- [    Test worker] c.a.g.GatewayPocApplicationTests         : Starting GatewayPocApplicationTests using Java 11.0.11 on CTNLDELLGFZVJB3 with PID 11138 (started by axel.aviloff in /home/axel.aviloff/Git/gateway-poc)
2021-06-29 14:50:39.551  INFO 11138 --- [    Test worker] c.a.g.GatewayPocApplicationTests         : No active profile set, falling back to default profiles: default
2021-06-29 14:50:41.273  INFO 11138 --- [    Test worker] c.a.g.GatewayPocApplicationTests         : Started GatewayPocApplicationTests in 2.04 seconds (JVM running for 3.061)
]]></system-out>
  <system-err><![CDATA[]]></system-err>
</testsuite>
