<?xml version="1.0" encoding="UTF-8"?>
<testsuite name="com.axel.gatewaypoc.utils.GenerateDefaultPairKeysTest" tests="1" skipped="0" failures="0" errors="0" timestamp="2021-06-29T17:50:38" hostname="CTNLDELLGFZVJB3" time="0.024">
  <properties/>
  <testcase name="generateTest()" classname="com.axel.gatewaypoc.utils.GenerateDefaultPairKeysTest" time="0.024"/>
  <system-out><![CDATA[AES 9214eae9-969a-4257-b425-80eac9e24930
IV ddb41f08-c507-4378-b679-e29b90efc744
]]></system-out>
  <system-err><![CDATA[]]></system-err>
</testsuite>
